Started GET "/" for 127.0.0.1 at 2024-01-20 11:35:32 -0600
  [1m[35m (1.3ms)[0m  [1m[35mCREATE TABLE "schema_migrations" ("version" varchar NOT NULL PRIMARY KEY)[0m
  [1m[35m (0.3ms)[0m  [1m[35mCREATE TABLE "ar_internal_metadata" ("key" varchar NOT NULL PRIMARY KEY, "value" varchar, "created_at" datetime(6) NOT NULL, "updated_at" datetime(6) NOT NULL)[0m
  [1m[36mActiveRecord::SchemaMigration Load (0.1ms)[0m  [1m[34mSELECT "schema_migrations"."version" FROM "schema_migrations" ORDER BY "schema_migrations"."version" ASC[0m
Processing by Rails::WelcomeController#index as HTML
  Rendering /Users/ponchanondattarone/.rvm/gems/ruby-3.0.2/gems/railties-7.1.3/lib/rails/templates/rails/welcome/index.html.erb
  Rendered /Users/ponchanondattarone/.rvm/gems/ruby-3.0.2/gems/railties-7.1.3/lib/rails/templates/rails/welcome/index.html.erb (Duration: 1.2ms | Allocations: 579)
Completed 200 OK in 28ms (Views: 7.5ms | ActiveRecord: 0.0ms | Allocations: 8680)


Started GET "/stocks/fetch_data/AAPL" for 127.0.0.1 at 2024-01-20 11:36:19 -0600
Processing by StocksController#fetch_data as HTML
  Parameters: {"ticker"=>"AAPL"}
Completed 200 OK in 236ms (Views: 0.3ms | ActiveRecord: 0.0ms | Allocations: 1407)


Started GET "/" for 127.0.0.1 at 2024-01-20 11:36:44 -0600
Processing by Rails::WelcomeController#index as HTML
  Rendering /Users/ponchanondattarone/.rvm/gems/ruby-3.0.2/gems/railties-7.1.3/lib/rails/templates/rails/welcome/index.html.erb
  Rendered /Users/ponchanondattarone/.rvm/gems/ruby-3.0.2/gems/railties-7.1.3/lib/rails/templates/rails/welcome/index.html.erb (Duration: 0.3ms | Allocations: 24)
Completed 200 OK in 3ms (Views: 2.1ms | ActiveRecord: 0.0ms | Allocations: 306)


Started GET "/stocks/fetch_data/AAPL/date1/date2" for 127.0.0.1 at 2024-01-20 15:12:26 -0600
  [1m[36mActiveRecord::SchemaMigration Load (0.1ms)[0m  [1m[34mSELECT "schema_migrations"."version" FROM "schema_migrations" ORDER BY "schema_migrations"."version" ASC[0m
  
ActionController::RoutingError (No route matches [GET] "/stocks/fetch_data/AAPL/date1/date2"):
  
Started GET "/favicon.ico" for 127.0.0.1 at 2024-01-20 15:12:27 -0600
  
ActionController::RoutingError (No route matches [GET] "/favicon.ico"):
  
Started GET "/stocks/fetch_data/AAPL/" for 127.0.0.1 at 2024-01-20 15:12:35 -0600
Processing by StocksController#fetch_data as HTML
  Parameters: {"ticker"=>"AAPL"}
Completed 200 OK in 296ms (Views: 0.5ms | ActiveRecord: 0.0ms | Allocations: 1469)


Started GET "/stocks/fetch_data/AAPL/2023-01-01/2023-01-31" for 127.0.0.1 at 2024-01-20 15:12:58 -0600
  
ActionController::RoutingError (No route matches [GET] "/stocks/fetch_data/AAPL/2023-01-01/2023-01-31"):
  
Started GET "/stocks/fetch_data/AAPL?start_date=2023-01-01&end_date=2023-01-31" for 127.0.0.1 at 2024-01-20 15:13:30 -0600
Processing by StocksController#fetch_data as HTML
  Parameters: {"start_date"=>"2023-01-01", "end_date"=>"2023-01-31", "ticker"=>"AAPL"}
Completed 200 OK in 182ms (Views: 0.8ms | ActiveRecord: 0.0ms | Allocations: 691)


Started GET "/stocks/fetch_data/AAPL?start_date=2023-01-01&end_date=2023-12-31" for 127.0.0.1 at 2024-01-20 15:14:04 -0600
Processing by StocksController#fetch_data as HTML
  Parameters: {"start_date"=>"2023-01-01", "end_date"=>"2023-12-31", "ticker"=>"AAPL"}
Completed 200 OK in 229ms (Views: 0.4ms | ActiveRecord: 0.0ms | Allocations: 714)


Started GET "/stocks/fetch_data/AAPL" for 127.0.0.1 at 2024-01-20 15:19:02 -0600
  [1m[36mActiveRecord::SchemaMigration Load (0.1ms)[0m  [1m[34mSELECT "schema_migrations"."version" FROM "schema_migrations" ORDER BY "schema_migrations"."version" ASC[0m
  
ActionController::RoutingError (No route matches [GET] "/stocks/fetch_data/AAPL"):
  
Started GET "/stocks/fetch_data/AAPL" for 127.0.0.1 at 2024-01-20 15:19:07 -0600
  
ActionController::RoutingError (No route matches [GET] "/stocks/fetch_data/AAPL"):
  
Started GET "/stocks/fetch_data/AAPL/2023-01-01/2023-12-31" for 127.0.0.1 at 2024-01-20 15:19:20 -0600
Processing by StocksController#fetch_data as HTML
  Parameters: {"ticker"=>"AAPL", "start_date"=>"2023-01-01", "end_date"=>"2023-12-31"}
Completed 200 OK in 290ms (Views: 0.5ms | ActiveRecord: 0.0ms | Allocations: 1438)


Started GET "/stocks/fetch_data/AAPL/2023-01-01/null" for 127.0.0.1 at 2024-01-20 15:19:45 -0600
Processing by StocksController#fetch_data as HTML
  Parameters: {"ticker"=>"AAPL", "start_date"=>"2023-01-01", "end_date"=>"null"}
Completed 200 OK in 160ms (Views: 0.6ms | ActiveRecord: 0.0ms | Allocations: 695)


Started GET "/stocks/fetch_data/AAPL/" for 127.0.0.1 at 2024-01-20 15:19:53 -0600
  
ActionController::RoutingError (No route matches [GET] "/stocks/fetch_data/AAPL"):
  
Started GET "/stocks/fetch_data/AAPL/" for 127.0.0.1 at 2024-01-20 15:20:26 -0600
  [1m[36mActiveRecord::SchemaMigration Load (0.1ms)[0m  [1m[34mSELECT "schema_migrations"."version" FROM "schema_migrations" ORDER BY "schema_migrations"."version" ASC[0m
Processing by StocksController#fetch_data as HTML
  Parameters: {"ticker"=>"AAPL"}
Completed 200 OK in 187ms (Views: 0.2ms | ActiveRecord: 0.0ms | Allocations: 21373)


Started GET "/stocks/fetch_data/AAPL?start_date=2023-01-01&end_date=2023-01-31" for 127.0.0.1 at 2024-01-20 15:20:43 -0600
Processing by StocksController#fetch_data as HTML
  Parameters: {"start_date"=>"2023-01-01", "end_date"=>"2023-01-31", "ticker"=>"AAPL"}
Completed 200 OK in 207ms (Views: 0.3ms | ActiveRecord: 0.0ms | Allocations: 698)


Started GET "/stocks/fetch_data/AAPL?start_date=2023-01-01&end_date=2023-01-31" for 127.0.0.1 at 2024-01-20 15:23:03 -0600
  
ActionController::RoutingError (No route matches [GET] "/stocks/fetch_data/AAPL"):
  
Started GET "/stocks/fetch_data/AAPL/2023-01-01/2023-01-31" for 127.0.0.1 at 2024-01-20 15:23:17 -0600
Processing by StocksController#fetch_data as HTML
  Parameters: {"ticker"=>"AAPL", "start_date"=>"2023-01-01", "end_date"=>"2023-01-31"}
Completed 200 OK in 190ms (Views: 0.4ms | ActiveRecord: 0.0ms | Allocations: 897)


Started GET "/stocks/fetch_data/AAPL/2023-01-01/2023-01-31" for 127.0.0.1 at 2024-01-20 15:56:23 -0600
Processing by StocksController#fetch_data as HTML
  Parameters: {"ticker"=>"AAPL", "start_date"=>"2023-01-01", "end_date"=>"2023-01-31"}
Completed 200 OK in 282ms (Views: 0.9ms | ActiveRecord: 0.0ms | Allocations: 674)


Started GET "/stocks/fetch_data/AAPL/2023-01-01/2023-01-31" for 192.168.10.104 at 2024-01-20 16:00:44 -0600
  [1m[36mActiveRecord::SchemaMigration Load (0.1ms)[0m  [1m[34mSELECT "schema_migrations"."version" FROM "schema_migrations" ORDER BY "schema_migrations"."version" ASC[0m
Processing by StocksController#fetch_data as HTML
  Parameters: {"ticker"=>"AAPL", "start_date"=>"2023-01-01", "end_date"=>"2023-01-31"}
Completed 200 OK in 248ms (Views: 0.5ms | ActiveRecord: 0.0ms | Allocations: 21321)


Started GET "/stocks/fetch_data/AAPL/2023-01-01/2023-01-31" for 192.168.10.104 at 2024-01-20 16:00:57 -0600
Processing by StocksController#fetch_data as HTML
  Parameters: {"ticker"=>"AAPL", "start_date"=>"2023-01-01", "end_date"=>"2023-01-31"}
Completed 200 OK in 161ms (Views: 0.3ms | ActiveRecord: 0.0ms | Allocations: 679)


Started GET "/stocks/fetch_data/AAPL/2023-01-31/2023-12-11?apiKey=taIMgMrmnZ8SUZmdpq9_7ANRDxw3IPIx" for 192.168.10.117 at 2024-01-20 16:01:35 -0600
Processing by StocksController#fetch_data as JSON
  Parameters: {"apiKey"=>"taIMgMrmnZ8SUZmdpq9_7ANRDxw3IPIx", "ticker"=>"AAPL", "start_date"=>"2023-01-31", "end_date"=>"2023-12-11"}
Completed 200 OK in 183ms (Views: 0.6ms | ActiveRecord: 0.0ms | Allocations: 717)


Started GET "/stocks/fetch_data/AAPL/2023-01-01/2023-12-31?apiKey=taIMgMrmnZ8SUZmdpq9_7ANRDxw3IPIx" for 192.168.10.117 at 2024-01-20 16:01:45 -0600
Processing by StocksController#fetch_data as JSON
  Parameters: {"apiKey"=>"taIMgMrmnZ8SUZmdpq9_7ANRDxw3IPIx", "ticker"=>"AAPL", "start_date"=>"2023-01-01", "end_date"=>"2023-12-31"}
Completed 200 OK in 197ms (Views: 0.2ms | ActiveRecord: 0.0ms | Allocations: 714)


Started GET "/stocks/fetch_data/AAPL/2023-01-01/2023-12-31?apiKey=taIMgMrmnZ8SUZmdpq9_7ANRDxw3IPIx" for 192.168.10.117 at 2024-01-20 16:01:45 -0600
Processing by StocksController#fetch_data as JSON
  Parameters: {"apiKey"=>"taIMgMrmnZ8SUZmdpq9_7ANRDxw3IPIx", "ticker"=>"AAPL", "start_date"=>"2023-01-01", "end_date"=>"2023-12-31"}
Completed 200 OK in 159ms (Views: 0.4ms | ActiveRecord: 0.0ms | Allocations: 713)


Started GET "/stocks/fetch_data/AAPL/2023-01-01/2023-12-31" for 192.168.10.117 at 2024-01-20 16:02:22 -0600
Processing by StocksController#fetch_data as JSON
  Parameters: {"ticker"=>"AAPL", "start_date"=>"2023-01-01", "end_date"=>"2023-12-31"}
Completed 200 OK in 228ms (Views: 0.8ms | ActiveRecord: 0.0ms | Allocations: 718)


Started GET "/stocks/fetch_data/AAPL/2023-01-01/2023-12-31" for 192.168.10.117 at 2024-01-20 16:02:26 -0600
Processing by StocksController#fetch_data as JSON
  Parameters: {"ticker"=>"AAPL", "start_date"=>"2023-01-01", "end_date"=>"2023-12-31"}
Completed 200 OK in 179ms (Views: 0.3ms | ActiveRecord: 0.0ms | Allocations: 716)


Started GET "/stocks/fetch_data/AAPL/2023-01-01/2023-12-31" for 192.168.10.117 at 2024-01-20 16:03:51 -0600
  [1m[36mActiveRecord::SchemaMigration Load (0.1ms)[0m  [1m[34mSELECT "schema_migrations"."version" FROM "schema_migrations" ORDER BY "schema_migrations"."version" ASC[0m
Processing by StocksController#fetch_data as JSON
  Parameters: {"ticker"=>"AAPL", "start_date"=>"2023-01-01", "end_date"=>"2023-12-31"}
Completed 200 OK in 265ms (Views: 0.5ms | ActiveRecord: 0.0ms | Allocations: 21344)


Started GET "/stocks/fetch_data/AAPL/2023-01-01/2023-12-31" for 192.168.10.117 at 2024-01-20 16:03:52 -0600
Processing by StocksController#fetch_data as JSON
  Parameters: {"ticker"=>"AAPL", "start_date"=>"2023-01-01", "end_date"=>"2023-12-31"}
Completed 200 OK in 235ms (Views: 0.3ms | ActiveRecord: 0.0ms | Allocations: 733)


Started GET "/stocks/fetch_data/AAPL/2023-01-01/2023-12-31" for 192.168.10.117 at 2024-01-20 16:05:23 -0600
  [1m[36mActiveRecord::SchemaMigration Load (0.1ms)[0m  [1m[34mSELECT "schema_migrations"."version" FROM "schema_migrations" ORDER BY "schema_migrations"."version" ASC[0m
Processing by StocksController#fetch_data as JSON
  Parameters: {"ticker"=>"AAPL", "start_date"=>"2023-01-01", "end_date"=>"2023-12-31"}
Completed 200 OK in 275ms (Views: 0.5ms | ActiveRecord: 0.0ms | Allocations: 21342)


Started GET "/stocks/fetch_data/AAPL/2023-01-01/2023-12-31" for 192.168.10.117 at 2024-01-20 16:05:23 -0600
Processing by StocksController#fetch_data as JSON
  Parameters: {"ticker"=>"AAPL", "start_date"=>"2023-01-01", "end_date"=>"2023-12-31"}
Completed 200 OK in 174ms (Views: 0.3ms | ActiveRecord: 0.0ms | Allocations: 756)


Started GET "/stocks/fetch_data/AAPL/2023-01-01/2023-12-31" for 192.168.10.117 at 2024-01-20 16:06:00 -0600
Processing by StocksController#fetch_data as JSON
  Parameters: {"ticker"=>"AAPL", "start_date"=>"2023-01-01", "end_date"=>"2023-12-31"}
Completed 200 OK in 218ms (Views: 0.3ms | ActiveRecord: 0.0ms | Allocations: 716)


Started GET "/stocks/fetch_data/AAPL/2023-01-01/2023-12-31" for 192.168.10.117 at 2024-01-20 16:06:00 -0600
Processing by StocksController#fetch_data as JSON
  Parameters: {"ticker"=>"AAPL", "start_date"=>"2023-01-01", "end_date"=>"2023-12-31"}
Completed 200 OK in 560ms (Views: 0.4ms | ActiveRecord: 0.0ms | Allocations: 724)


Started GET "/stocks/fetch_data/AAPL/2023-01-24/2023-12-31" for 192.168.10.117 at 2024-01-20 16:06:04 -0600
Processing by StocksController#fetch_data as JSON
  Parameters: {"ticker"=>"AAPL", "start_date"=>"2023-01-24", "end_date"=>"2023-12-31"}
Completed 200 OK in 158ms (Views: 0.3ms | ActiveRecord: 0.0ms | Allocations: 712)


Started GET "/stocks/fetch_data/AAPL/2023-01-24/2023-12-31" for 192.168.10.117 at 2024-01-20 16:06:29 -0600
Processing by StocksController#fetch_data as JSON
  Parameters: {"ticker"=>"AAPL", "start_date"=>"2023-01-24", "end_date"=>"2023-12-31"}
Completed 200 OK in 210ms (Views: 0.3ms | ActiveRecord: 0.0ms | Allocations: 713)


Started GET "/stocks/fetch_data/AAPL/2023-01-24/2023-12-31" for 192.168.10.117 at 2024-01-20 16:06:34 -0600
Processing by StocksController#fetch_data as JSON
  Parameters: {"ticker"=>"AAPL", "start_date"=>"2023-01-24", "end_date"=>"2023-12-31"}
Completed 200 OK in 203ms (Views: 0.3ms | ActiveRecord: 0.0ms | Allocations: 717)


Started GET "/stocks/fetch_data/AAPL/2023-01-24/2023-12-31" for 192.168.10.117 at 2024-01-20 16:06:40 -0600
Processing by StocksController#fetch_data as JSON
  Parameters: {"ticker"=>"AAPL", "start_date"=>"2023-01-24", "end_date"=>"2023-12-31"}
Completed 200 OK in 208ms (Views: 0.3ms | ActiveRecord: 0.0ms | Allocations: 640)


Started GET "/stocks/fetch_data/AAPL/2023-01-24/2023-12-31" for 192.168.10.117 at 2024-01-20 16:07:56 -0600
  [1m[36mActiveRecord::SchemaMigration Load (0.1ms)[0m  [1m[34mSELECT "schema_migrations"."version" FROM "schema_migrations" ORDER BY "schema_migrations"."version" ASC[0m
Processing by StocksController#fetch_data as JSON
  Parameters: {"ticker"=>"AAPL", "start_date"=>"2023-01-24", "end_date"=>"2023-12-31"}
Completed 200 OK in 209ms (Views: 0.4ms | ActiveRecord: 0.0ms | Allocations: 21338)


Started GET "/stocks/fetch_data/AAPL/2023-01-01/2023-12-31" for 192.168.10.117 at 2024-01-20 16:08:12 -0600
Processing by StocksController#fetch_data as JSON
  Parameters: {"ticker"=>"AAPL", "start_date"=>"2023-01-01", "end_date"=>"2023-12-31"}
Completed 200 OK in 161ms (Views: 0.3ms | ActiveRecord: 0.0ms | Allocations: 726)


Started GET "/stocks/fetch_data/AAPL/2023-01-01/2023-12-31" for 192.168.10.117 at 2024-01-20 16:08:12 -0600
Processing by StocksController#fetch_data as JSON
  Parameters: {"ticker"=>"AAPL", "start_date"=>"2023-01-01", "end_date"=>"2023-12-31"}
Completed 200 OK in 159ms (Views: 0.3ms | ActiveRecord: 0.0ms | Allocations: 714)


Started GET "/stocks/fetch_data/AAPL/2023-01-01/2023-12-31" for 192.168.10.117 at 2024-01-20 16:09:45 -0600
Processing by StocksController#fetch_data as JSON
  Parameters: {"ticker"=>"AAPL", "start_date"=>"2023-01-01", "end_date"=>"2023-12-31"}
Completed 200 OK in 301ms (Views: 0.4ms | ActiveRecord: 0.0ms | Allocations: 715)


Started GET "/stocks/fetch_data/AAPL/2023-01-01/2023-12-31" for 192.168.10.117 at 2024-01-20 16:09:45 -0600
Processing by StocksController#fetch_data as JSON
  Parameters: {"ticker"=>"AAPL", "start_date"=>"2023-01-01", "end_date"=>"2023-12-31"}
Completed 200 OK in 180ms (Views: 0.3ms | ActiveRecord: 0.0ms | Allocations: 725)


Started GET "/stocks/fetch_data/AAPL/2023-01-01/2023-12-31" for 192.168.10.117 at 2024-01-20 16:09:53 -0600
Processing by StocksController#fetch_data as JSON
  Parameters: {"ticker"=>"AAPL", "start_date"=>"2023-01-01", "end_date"=>"2023-12-31"}
Completed 200 OK in 197ms (Views: 0.4ms | ActiveRecord: 0.0ms | Allocations: 719)


Started GET "/stocks/fetch_data/AAPL/2023-01-01/2023-12-31" for 192.168.10.117 at 2024-01-20 16:09:56 -0600
Processing by StocksController#fetch_data as JSON
  Parameters: {"ticker"=>"AAPL", "start_date"=>"2023-01-01", "end_date"=>"2023-12-31"}
Completed 200 OK in 170ms (Views: 0.3ms | ActiveRecord: 0.0ms | Allocations: 708)


Started GET "/stocks/fetch_data/AAPL/2023-01-01/2023-12-31" for 192.168.10.117 at 2024-01-20 16:09:57 -0600
Processing by StocksController#fetch_data as JSON
  Parameters: {"ticker"=>"AAPL", "start_date"=>"2023-01-01", "end_date"=>"2023-12-31"}
Completed 200 OK in 157ms (Views: 0.3ms | ActiveRecord: 0.0ms | Allocations: 719)


Started GET "/stocks/fetch_data/AAPL/2023-01-01/2023-12-31" for 192.168.10.104 at 2024-01-20 16:36:12 -0600
  [1m[36mActiveRecord::SchemaMigration Load (0.1ms)[0m  [1m[34mSELECT "schema_migrations"."version" FROM "schema_migrations" ORDER BY "schema_migrations"."version" ASC[0m
Processing by StocksController#fetch_data as JSON
  Parameters: {"ticker"=>"AAPL", "start_date"=>"2023-01-01", "end_date"=>"2023-12-31"}
Completed 200 OK in 228ms (Views: 0.4ms | ActiveRecord: 0.0ms | Allocations: 21371)


Started GET "/stocks/fetch_data/AAPL/2023-01-01/2023-12-31" for 192.168.10.104 at 2024-01-20 16:36:12 -0600
Processing by StocksController#fetch_data as JSON
  Parameters: {"ticker"=>"AAPL", "start_date"=>"2023-01-01", "end_date"=>"2023-12-31"}
Completed 200 OK in 164ms (Views: 0.3ms | ActiveRecord: 0.0ms | Allocations: 721)


Started GET "/stocks/fetch_data/AAPL/2023-01-01/2023-12-31" for 192.168.10.104 at 2024-01-20 16:41:38 -0600
Processing by StocksController#fetch_data as JSON
  Parameters: {"ticker"=>"AAPL", "start_date"=>"2023-01-01", "end_date"=>"2023-12-31"}
Completed 200 OK in 280ms (Views: 0.7ms | ActiveRecord: 0.0ms | Allocations: 712)


Started GET "/stocks/fetch_data/AAPL/2023-01-01/2023-12-31" for 192.168.10.104 at 2024-01-20 16:41:38 -0600
Processing by StocksController#fetch_data as JSON
  Parameters: {"ticker"=>"AAPL", "start_date"=>"2023-01-01", "end_date"=>"2023-12-31"}
Completed 200 OK in 244ms (Views: 0.3ms | ActiveRecord: 0.0ms | Allocations: 740)


Started GET "/stocks/fetch_data/AAPL/2023-01-01/2023-12-31" for 192.168.10.104 at 2024-01-20 16:51:52 -0600
  [1m[36mActiveRecord::SchemaMigration Load (0.2ms)[0m  [1m[34mSELECT "schema_migrations"."version" FROM "schema_migrations" ORDER BY "schema_migrations"."version" ASC[0m
Processing by StocksController#fetch_data as JSON
  Parameters: {"ticker"=>"AAPL", "start_date"=>"2023-01-01", "end_date"=>"2023-12-31"}
Completed 200 OK in 386ms (Views: 0.3ms | ActiveRecord: 0.0ms | Allocations: 21371)


Started GET "/stocks/fetch_data/AAPL/2023-01-01/2023-12-31" for 192.168.10.104 at 2024-01-20 16:51:53 -0600
Processing by StocksController#fetch_data as JSON
  Parameters: {"ticker"=>"AAPL", "start_date"=>"2023-01-01", "end_date"=>"2023-12-31"}
Completed 200 OK in 168ms (Views: 0.1ms | ActiveRecord: 0.0ms | Allocations: 721)


Started GET "/stocks/fetch_data/AAPL/2023-01-01/2023-01-31" for 192.168.10.104 at 2024-01-20 16:52:18 -0600
Processing by StocksController#fetch_data as JSON
  Parameters: {"ticker"=>"AAPL", "start_date"=>"2023-01-01", "end_date"=>"2023-01-31"}
Completed 200 OK in 163ms (Views: 0.4ms | ActiveRecord: 0.0ms | Allocations: 676)


Started GET "/stocks/fetch_data/AAPL/2023-01-18/2023-01-31" for 192.168.10.104 at 2024-01-20 16:52:37 -0600
Processing by StocksController#fetch_data as JSON
  Parameters: {"ticker"=>"AAPL", "start_date"=>"2023-01-18", "end_date"=>"2023-01-31"}
Completed 200 OK in 177ms (Views: 0.2ms | ActiveRecord: 0.0ms | Allocations: 667)


Started GET "/stocks/fetch_data/AAPL/2023-01-01/2023-01-31" for 192.168.10.104 at 2024-01-20 16:53:01 -0600
Processing by StocksController#fetch_data as JSON
  Parameters: {"ticker"=>"AAPL", "start_date"=>"2023-01-01", "end_date"=>"2023-01-31"}
Completed 200 OK in 513ms (Views: 0.7ms | ActiveRecord: 0.0ms | Allocations: 668)


Started GET "/stocks/fetch_data/AAPL/2023-01-01/2023-01-31" for 192.168.10.104 at 2024-01-20 16:53:01 -0600
Processing by StocksController#fetch_data as JSON
  Parameters: {"ticker"=>"AAPL", "start_date"=>"2023-01-01", "end_date"=>"2023-01-31"}
Completed 200 OK in 158ms (Views: 0.2ms | ActiveRecord: 0.0ms | Allocations: 669)


Started GET "/stocks/fetch_data/AAPL/2023-01-01/2023-12-31" for 192.168.10.104 at 2024-01-20 16:53:42 -0600
Processing by StocksController#fetch_data as JSON
  Parameters: {"ticker"=>"AAPL", "start_date"=>"2023-01-01", "end_date"=>"2023-12-31"}
Completed 200 OK in 259ms (Views: 0.8ms | ActiveRecord: 0.0ms | Allocations: 717)


Started GET "/stocks/fetch_data/AAPL/2023-01-01/2023-12-05" for 192.168.10.104 at 2024-01-20 16:53:50 -0600
Processing by StocksController#fetch_data as JSON
  Parameters: {"ticker"=>"AAPL", "start_date"=>"2023-01-01", "end_date"=>"2023-12-05"}
Completed 200 OK in 172ms (Views: 0.3ms | ActiveRecord: 0.0ms | Allocations: 712)


Started GET "/stocks/fetch_data/AAPL/2023-01-01/2023-02-05" for 192.168.10.104 at 2024-01-20 16:53:56 -0600
Processing by StocksController#fetch_data as JSON
  Parameters: {"ticker"=>"AAPL", "start_date"=>"2023-01-01", "end_date"=>"2023-02-05"}
Completed 200 OK in 234ms (Views: 0.3ms | ActiveRecord: 0.0ms | Allocations: 665)


Started GET "/stocks/fetch_data/AAPL/2023-01-01/2023-02-10" for 192.168.10.104 at 2024-01-20 16:53:58 -0600
Processing by StocksController#fetch_data as JSON
  Parameters: {"ticker"=>"AAPL", "start_date"=>"2023-01-01", "end_date"=>"2023-02-10"}
Completed 200 OK in 156ms (Views: 0.3ms | ActiveRecord: 0.0ms | Allocations: 637)


Started GET "/stocks/fetch_data/AAPL/2023-01-01/2023-01-10" for 192.168.10.104 at 2024-01-20 16:54:05 -0600
Processing by StocksController#fetch_data as JSON
  Parameters: {"ticker"=>"AAPL", "start_date"=>"2023-01-01", "end_date"=>"2023-01-10"}
Completed 200 OK in 163ms (Views: 0.3ms | ActiveRecord: 0.0ms | Allocations: 665)


Started GET "/stocks/fetch_data/AAPL/2023-01-01/2023-01-31" for 192.168.10.104 at 2024-01-20 16:54:09 -0600
Processing by StocksController#fetch_data as JSON
  Parameters: {"ticker"=>"AAPL", "start_date"=>"2023-01-01", "end_date"=>"2023-01-31"}
Completed 200 OK in 147ms (Views: 0.3ms | ActiveRecord: 0.0ms | Allocations: 669)


Started GET "/stocks/fetch_data/AAPL/2023-01-01/2023-12-31" for 192.168.10.104 at 2024-01-20 16:54:52 -0600
Processing by StocksController#fetch_data as JSON
  Parameters: {"ticker"=>"AAPL", "start_date"=>"2023-01-01", "end_date"=>"2023-12-31"}
Completed 200 OK in 211ms (Views: 0.5ms | ActiveRecord: 0.0ms | Allocations: 713)


Started GET "/stocks/fetch_data/AAPL/2023-01-01/2023-12-31" for 192.168.10.104 at 2024-01-20 16:54:53 -0600
Processing by StocksController#fetch_data as JSON
  Parameters: {"ticker"=>"AAPL", "start_date"=>"2023-01-01", "end_date"=>"2023-12-31"}
Completed 200 OK in 201ms (Views: 0.2ms | ActiveRecord: 0.0ms | Allocations: 742)


Started GET "/stocks/fetch_data/AAPL/2023-01-01/2023-01-31" for 192.168.10.104 at 2024-01-20 16:55:18 -0600
Processing by StocksController#fetch_data as JSON
  Parameters: {"ticker"=>"AAPL", "start_date"=>"2023-01-01", "end_date"=>"2023-01-31"}
Completed 200 OK in 274ms (Views: 0.7ms | ActiveRecord: 0.0ms | Allocations: 667)


